-------------------------------------------------------------------------------
Test set: com.khomsi.site_project.OrderBasketTests
-------------------------------------------------------------------------------
Tests run: 2, Failures: 1, Errors: 1, Skipped: 0, Time elapsed: 0.057 s <<< FAILURE! - in com.khomsi.site_project.OrderBasketTests
testAddOneOrderBasketProduct  Time elapsed: 0.023 s  <<< ERROR!
org.springframework.dao.DataIntegrityViolationException: could not execute statement; SQL [n/a]; constraint [null]; nested exception is org.hibernate.exception.ConstraintViolationException: could not execute statement
	at com.khomsi.site_project.OrderBasketTests.testAddOneOrderBasketProduct(OrderBasketTests.java:40)
Caused by: org.hibernate.exception.ConstraintViolationException: could not execute statement
	at com.khomsi.site_project.OrderBasketTests.testAddOneOrderBasketProduct(OrderBasketTests.java:40)
Caused by: java.sql.SQLIntegrityConstraintViolationException: Column 'user_id' cannot be null
	at com.khomsi.site_project.OrderBasketTests.testAddOneOrderBasketProduct(OrderBasketTests.java:40)

testGetOrderBasketProdByUser  Time elapsed: 0.024 s  <<< FAILURE!
org.opentest4j.AssertionFailedError: expected: <1> but was: <0>
	at com.khomsi.site_project.OrderBasketTests.testGetOrderBasketProdByUser(OrderBasketTests.java:52)

